Using pre-set license
Built from '2021.3/staging' branch; Version is '2021.3.8f1 (b30333d56e81) revision 11731763'; Using compiler version '192829333'; Build Type 'Release'
OS: 'Windows 10  (10.0.19044) 64bit Core' Language: 'en' Physical Memory: 16061 MB
BatchMode: 1, IsHumanControllingUs: 0, StartBugReporterOnCrash: 0, Is64bit: 1, IsPro: 1

COMMAND LINE ARGUMENTS:
C:\Program Files\Unity\Hub\Editor\2021.3.8f1\Editor\Unity.exe
-adb2
-batchMode
-noUpm
-name
AssetImportWorker0
-projectPath
C:/Users/creep/Downloads/gitstuff/SoundandMove
-logFile
Logs/AssetImportWorker0.log
-srvPort
56295
Successfully changed project path to: C:/Users/creep/Downloads/gitstuff/SoundandMove
C:/Users/creep/Downloads/gitstuff/SoundandMove
[UnityMemory] Configuration Parameters - Can be set up in boot.config
    "memorysetup-bucket-allocator-granularity=16"
    "memorysetup-bucket-allocator-bucket-count=8"
    "memorysetup-bucket-allocator-block-size=33554432"
    "memorysetup-bucket-allocator-block-count=8"
    "memorysetup-main-allocator-block-size=16777216"
    "memorysetup-thread-allocator-block-size=16777216"
    "memorysetup-gfx-main-allocator-block-size=16777216"
    "memorysetup-gfx-thread-allocator-block-size=16777216"
    "memorysetup-cache-allocator-block-size=4194304"
    "memorysetup-typetree-allocator-block-size=2097152"
    "memorysetup-profiler-bucket-allocator-granularity=16"
    "memorysetup-profiler-bucket-allocator-bucket-count=8"
    "memorysetup-profiler-bucket-allocator-block-size=33554432"
    "memorysetup-profiler-bucket-allocator-block-count=8"
    "memorysetup-profiler-allocator-block-size=16777216"
    "memorysetup-profiler-editor-allocator-block-size=1048576"
    "memorysetup-temp-allocator-size-main=16777216"
    "memorysetup-job-temp-allocator-block-size=2097152"
    "memorysetup-job-temp-allocator-block-size-background=1048576"
    "memorysetup-job-temp-allocator-reduction-small-platforms=262144"
    "memorysetup-temp-allocator-size-background-worker=32768"
    "memorysetup-temp-allocator-size-job-worker=262144"
    "memorysetup-temp-allocator-size-preload-manager=33554432"
    "memorysetup-temp-allocator-size-nav-mesh-worker=65536"
    "memorysetup-temp-allocator-size-audio-worker=65536"
    "memorysetup-temp-allocator-size-cloud-worker=32768"
    "memorysetup-temp-allocator-size-gi-baking-worker=262144"
    "memorysetup-temp-allocator-size-gfx=262144"
Refreshing native plugins compatible for Editor in 68.88 ms, found 4 plugins.
Preloading 0 native plugins for Editor in 0.00 ms.
Initialize engine version: 2021.3.8f1 (b30333d56e81)
[Subsystems] Discovering subsystems at path C:/Program Files/Unity/Hub/Editor/2021.3.8f1/Editor/Data/Resources/UnitySubsystems
[Subsystems] Discovering subsystems at path C:/Users/creep/Downloads/gitstuff/SoundandMove/Assets
GfxDevice: creating device client; threaded=0; jobified=0
Direct3D:
    Version:  Direct3D 11.0 [level 11.1]
    Renderer: NVIDIA GeForce RTX 3050 Ti Laptop GPU (ID=0x25a0)
    Vendor:   NVIDIA
    VRAM:     3990 MB
    Driver:   30.0.15.1278
Initialize mono
Mono path[0] = 'C:/Program Files/Unity/Hub/Editor/2021.3.8f1/Editor/Data/Managed'
Mono path[1] = 'C:/Program Files/Unity/Hub/Editor/2021.3.8f1/Editor/Data/MonoBleedingEdge/lib/mono/unityjit-win32'
Mono config path = 'C:/Program Files/Unity/Hub/Editor/2021.3.8f1/Editor/Data/MonoBleedingEdge/etc'
Using monoOptions --debugger-agent=transport=dt_socket,embedding=1,server=y,suspend=n,address=127.0.0.1:56040
Begin MonoManager ReloadAssembly
Registering precompiled unity dll's ...
Register platform support module: C:/Program Files/Unity/Hub/Editor/2021.3.8f1/Editor/Data/PlaybackEngines/WebGLSupport/UnityEditor.WebGL.Extensions.dll
Register platform support module: C:/Program Files/Unity/Hub/Editor/2021.3.8f1/Editor/Data/PlaybackEngines/WindowsStandaloneSupport/UnityEditor.WindowsStandalone.Extensions.dll
Registered in 0.006491 seconds.
Native extension for WindowsStandalone target not found
Native extension for WebGL target not found
Refreshing native plugins compatible for Editor in 73.97 ms, found 4 plugins.
Preloading 0 native plugins for Editor in 0.00 ms.
Mono: successfully reloaded assembly
- Completed reload, in  0.512 seconds
Domain Reload Profiling:
	ReloadAssembly (512ms)
		BeginReloadAssembly (58ms)
			ExecutionOrderSort (0ms)
			DisableScriptedObjects (0ms)
			BackupInstance (0ms)
			ReleaseScriptingObjects (0ms)
			CreateAndSetChildDomain (1ms)
		EndReloadAssembly (366ms)
			LoadAssemblies (56ms)
			RebuildTransferFunctionScriptingTraits (0ms)
			SetupTypeCache (79ms)
			ReleaseScriptCaches (0ms)
			RebuildScriptCaches (21ms)
			SetupLoadedEditorAssemblies (223ms)
				LogAssemblyErrors (0ms)
				InitializePlatformSupportModulesInManaged (7ms)
				SetLoadedEditorAssemblies (0ms)
				RefreshPlugins (74ms)
				BeforeProcessingInitializeOnLoad (1ms)
				ProcessInitializeOnLoadAttributes (107ms)
				ProcessInitializeOnLoadMethodAttributes (34ms)
				AfterProcessingInitializeOnLoad (0ms)
				EditorAssembliesLoaded (0ms)
			ExecutionOrderSort2 (0ms)
			AwakeInstancesAfterBackupRestoration (0ms)
Platform modules already initialized, skipping
Registering precompiled user dll's ...
Registered in 0.005435 seconds.
Begin MonoManager ReloadAssembly
Symbol file LoadedFromMemory doesn't match image C:\Users\creep\Downloads\gitstuff\SoundandMove\Library\PackageCache\com.unity.visualscripting@1.7.8\Editor\VisualScripting.Core\Dependencies\YamlDotNet\Unity.VisualScripting.YamlDotNet.dll
Symbol file LoadedFromMemory doesn't match image C:\Users\creep\Downloads\gitstuff\SoundandMove\Library\PackageCache\com.unity.visualscripting@1.7.8\Editor\VisualScripting.Core\Dependencies\DotNetZip\Unity.VisualScripting.IonicZip.dll
Native extension for WindowsStandalone target not found
Native extension for WebGL target not found
Refreshing native plugins compatible for Editor in 73.91 ms, found 4 plugins.
Preloading 0 native plugins for Editor in 0.00 ms.
Mono: successfully reloaded assembly
- Completed reload, in  1.012 seconds
Domain Reload Profiling:
	ReloadAssembly (1012ms)
		BeginReloadAssembly (86ms)
			ExecutionOrderSort (0ms)
			DisableScriptedObjects (4ms)
			BackupInstance (0ms)
			ReleaseScriptingObjects (0ms)
			CreateAndSetChildDomain (18ms)
		EndReloadAssembly (833ms)
			LoadAssemblies (64ms)
			RebuildTransferFunctionScriptingTraits (0ms)
			SetupTypeCache (229ms)
			ReleaseScriptCaches (1ms)
			RebuildScriptCaches (45ms)
			SetupLoadedEditorAssemblies (449ms)
				LogAssemblyErrors (0ms)
				InitializePlatformSupportModulesInManaged (5ms)
				SetLoadedEditorAssemblies (0ms)
				RefreshPlugins (74ms)
				BeforeProcessingInitializeOnLoad (90ms)
				ProcessInitializeOnLoadAttributes (235ms)
				ProcessInitializeOnLoadMethodAttributes (38ms)
				AfterProcessingInitializeOnLoad (6ms)
				EditorAssembliesLoaded (0ms)
			ExecutionOrderSort2 (0ms)
			AwakeInstancesAfterBackupRestoration (6ms)
Platform modules already initialized, skipping
========================================================================
Worker process is ready to serve import requests
Launched and connected shader compiler UnityShaderCompiler.exe after 0.03 seconds
Refreshing native plugins compatible for Editor in 0.72 ms, found 4 plugins.
Preloading 0 native plugins for Editor in 0.00 ms.
Unloading 4068 Unused Serialized files (Serialized files now loaded: 0)
Unloading 44 unused Assets / (222.4 KB). Loaded Objects now: 4518.
Memory consumption went from 155.9 MB to 155.7 MB.
Total: 3.971500 ms (FindLiveObjects: 0.348100 ms CreateObjectMapping: 0.112100 ms MarkObjects: 3.293400 ms  DeleteObjects: 0.217000 ms)

AssetImportParameters requested are different than current active one (requested -> active):
  custom:video-decoder-ogg-theora: a1e56fd34408186e4bbccfd4996cb3dc -> 
  custom:container-muxer-webm: aa71ff27fc2769a1b78a27578f13a17b -> 
  custom:container-demuxer-webm: 4f35f7cbe854078d1ac9338744f61a02 -> 
  custom:video-encoder-webm-vp8: eb34c28f22e8b96e1ab97ce403110664 -> 
  custom:video-codec-MediaFoundation-h265: 746d11721c4dcdbdad8f713fa42b33f4 -> 
  custom:audio-encoder-webm-vorbis: bf7c407c2cedff20999df2af8eb42d56 -> 
  custom:framework-win-MediaFoundation: 216162199b28c13a410421893ffa2e32 -> 
  custom:container-demuxer-ogg: 62fdf1f143b41e24485cea50d1cbac27 -> 
  custom:video-decoder-webm-vp8: 9c59270c3fd7afecdb556c50c9e8de78 -> 
  custom:audio-decoder-ogg-vorbis: bf7c407c2cedff20999df2af8eb42d56 -> 
========================================================================
Received Prepare
Registering precompiled user dll's ...
Registered in 0.006448 seconds.
Begin MonoManager ReloadAssembly
Symbol file LoadedFromMemory doesn't match image C:\Users\creep\Downloads\gitstuff\SoundandMove\Library\PackageCache\com.unity.visualscripting@1.7.8\Editor\VisualScripting.Core\Dependencies\YamlDotNet\Unity.VisualScripting.YamlDotNet.dll
Symbol file LoadedFromMemory doesn't match image C:\Users\creep\Downloads\gitstuff\SoundandMove\Library\PackageCache\com.unity.visualscripting@1.7.8\Editor\VisualScripting.Core\Dependencies\DotNetZip\Unity.VisualScripting.IonicZip.dll
Native extension for WindowsStandalone target not found
Native extension for WebGL target not found
Refreshing native plugins compatible for Editor in 0.66 ms, found 4 plugins.
Preloading 0 native plugins for Editor in 0.00 ms.
Mono: successfully reloaded assembly
- Completed reload, in  0.811 seconds
Domain Reload Profiling:
	ReloadAssembly (812ms)
		BeginReloadAssembly (120ms)
			ExecutionOrderSort (0ms)
			DisableScriptedObjects (8ms)
			BackupInstance (0ms)
			ReleaseScriptingObjects (0ms)
			CreateAndSetChildDomain (37ms)
		EndReloadAssembly (616ms)
			LoadAssemblies (74ms)
			RebuildTransferFunctionScriptingTraits (0ms)
			SetupTypeCache (192ms)
			ReleaseScriptCaches (2ms)
			RebuildScriptCaches (38ms)
			SetupLoadedEditorAssemblies (280ms)
				LogAssemblyErrors (0ms)
				InitializePlatformSupportModulesInManaged (11ms)
				SetLoadedEditorAssemblies (0ms)
				RefreshPlugins (1ms)
				BeforeProcessingInitializeOnLoad (63ms)
				ProcessInitializeOnLoadAttributes (170ms)
				ProcessInitializeOnLoadMethodAttributes (28ms)
				AfterProcessingInitializeOnLoad (6ms)
				EditorAssembliesLoaded (0ms)
			ExecutionOrderSort2 (0ms)
			AwakeInstancesAfterBackupRestoration (6ms)
Platform modules already initialized, skipping
Refreshing native plugins compatible for Editor in 1.79 ms, found 4 plugins.
Preloading 0 native plugins for Editor in 0.00 ms.
Unloading 4063 Unused Serialized files (Serialized files now loaded: 0)
Unloading 31 unused Assets / (189.8 KB). Loaded Objects now: 4521.
Memory consumption went from 155.9 MB to 155.7 MB.
Total: 3.024000 ms (FindLiveObjects: 0.257300 ms CreateObjectMapping: 0.101700 ms MarkObjects: 2.531000 ms  DeleteObjects: 0.133000 ms)

AssetImportParameters requested are different than current active one (requested -> active):
  custom:video-decoder-ogg-theora: a1e56fd34408186e4bbccfd4996cb3dc -> 
  custom:container-muxer-webm: aa71ff27fc2769a1b78a27578f13a17b -> 
  custom:container-demuxer-webm: 4f35f7cbe854078d1ac9338744f61a02 -> 
  custom:video-encoder-webm-vp8: eb34c28f22e8b96e1ab97ce403110664 -> 
  custom:video-codec-MediaFoundation-h265: 746d11721c4dcdbdad8f713fa42b33f4 -> 
  custom:audio-encoder-webm-vorbis: bf7c407c2cedff20999df2af8eb42d56 -> 
  custom:framework-win-MediaFoundation: 216162199b28c13a410421893ffa2e32 -> 
  custom:container-demuxer-ogg: 62fdf1f143b41e24485cea50d1cbac27 -> 
  custom:video-decoder-webm-vp8: 9c59270c3fd7afecdb556c50c9e8de78 -> 
  custom:audio-decoder-ogg-vorbis: bf7c407c2cedff20999df2af8eb42d56 -> 
========================================================================
Received Prepare
Registering precompiled user dll's ...
Registered in 0.005102 seconds.
Begin MonoManager ReloadAssembly
Symbol file LoadedFromMemory doesn't match image C:\Users\creep\Downloads\gitstuff\SoundandMove\Library\PackageCache\com.unity.visualscripting@1.7.8\Editor\VisualScripting.Core\Dependencies\YamlDotNet\Unity.VisualScripting.YamlDotNet.dll
Symbol file LoadedFromMemory doesn't match image C:\Users\creep\Downloads\gitstuff\SoundandMove\Library\PackageCache\com.unity.visualscripting@1.7.8\Editor\VisualScripting.Core\Dependencies\DotNetZip\Unity.VisualScripting.IonicZip.dll
Native extension for WindowsStandalone target not found
Native extension for WebGL target not found
Refreshing native plugins compatible for Editor in 0.64 ms, found 4 plugins.
Preloading 0 native plugins for Editor in 0.00 ms.
Mono: successfully reloaded assembly
- Completed reload, in  0.746 seconds
Domain Reload Profiling:
	ReloadAssembly (746ms)
		BeginReloadAssembly (108ms)
			ExecutionOrderSort (0ms)
			DisableScriptedObjects (5ms)
			BackupInstance (0ms)
			ReleaseScriptingObjects (0ms)
			CreateAndSetChildDomain (32ms)
		EndReloadAssembly (562ms)
			LoadAssemblies (68ms)
			RebuildTransferFunctionScriptingTraits (0ms)
			SetupTypeCache (177ms)
			ReleaseScriptCaches (2ms)
			RebuildScriptCaches (34ms)
			SetupLoadedEditorAssemblies (252ms)
				LogAssemblyErrors (0ms)
				InitializePlatformSupportModulesInManaged (10ms)
				SetLoadedEditorAssemblies (0ms)
				RefreshPlugins (1ms)
				BeforeProcessingInitializeOnLoad (56ms)
				ProcessInitializeOnLoadAttributes (152ms)
				ProcessInitializeOnLoadMethodAttributes (27ms)
				AfterProcessingInitializeOnLoad (7ms)
				EditorAssembliesLoaded (0ms)
			ExecutionOrderSort2 (0ms)
			AwakeInstancesAfterBackupRestoration (6ms)
Platform modules already initialized, skipping
Refreshing native plugins compatible for Editor in 1.71 ms, found 4 plugins.
Preloading 0 native plugins for Editor in 0.00 ms.
Unloading 4063 Unused Serialized files (Serialized files now loaded: 0)
Unloading 31 unused Assets / (189.7 KB). Loaded Objects now: 4524.
Memory consumption went from 155.9 MB to 155.7 MB.
Total: 2.847300 ms (FindLiveObjects: 0.304400 ms CreateObjectMapping: 0.101700 ms MarkObjects: 2.312100 ms  DeleteObjects: 0.127000 ms)

AssetImportParameters requested are different than current active one (requested -> active):
  custom:video-decoder-ogg-theora: a1e56fd34408186e4bbccfd4996cb3dc -> 
  custom:container-muxer-webm: aa71ff27fc2769a1b78a27578f13a17b -> 
  custom:container-demuxer-webm: 4f35f7cbe854078d1ac9338744f61a02 -> 
  custom:video-encoder-webm-vp8: eb34c28f22e8b96e1ab97ce403110664 -> 
  custom:video-codec-MediaFoundation-h265: 746d11721c4dcdbdad8f713fa42b33f4 -> 
  custom:audio-encoder-webm-vorbis: bf7c407c2cedff20999df2af8eb42d56 -> 
  custom:framework-win-MediaFoundation: 216162199b28c13a410421893ffa2e32 -> 
  custom:container-demuxer-ogg: 62fdf1f143b41e24485cea50d1cbac27 -> 
  custom:video-decoder-webm-vp8: 9c59270c3fd7afecdb556c50c9e8de78 -> 
  custom:audio-decoder-ogg-vorbis: bf7c407c2cedff20999df2af8eb42d56 -> 
========================================================================
Received Import Request.
  Time since last request: 802899.740080 seconds.
  path: Assets/Scripts/CatController.cs
  artifactKey: Guid(3fa3314ab894b2b46a8695ce8603bdfc) Importer(815301076,1909f56bfc062723c751e8b465ee728b)
Start importing Assets/Scripts/CatController.cs using Guid(3fa3314ab894b2b46a8695ce8603bdfc) Importer(815301076,1909f56bfc062723c751e8b465ee728b)  -> (artifact id: '8903e87d09bcb51152afbc3d94aa7219') in 0.019196 seconds 
========================================================================
Received Import Request.
  Time since last request: 403.276946 seconds.
  path: Assets/Sprites
  artifactKey: Guid(8339e716ace8d1f4ea62c8376a29c73d) Importer(815301076,1909f56bfc062723c751e8b465ee728b)
Start importing Assets/Sprites using Guid(8339e716ace8d1f4ea62c8376a29c73d) Importer(815301076,1909f56bfc062723c751e8b465ee728b)  -> (artifact id: '08494ee85658c3d0b11b4979c88c000c') in 0.006013 seconds 
========================================================================
Received Import Request.
  Time since last request: 102.306293 seconds.
  path: Assets/Sprites/png
  artifactKey: Guid(59b2a66d35282ff44b1af08d3cfc0273) Importer(815301076,1909f56bfc062723c751e8b465ee728b)
Start importing Assets/Sprites/png using Guid(59b2a66d35282ff44b1af08d3cfc0273) Importer(815301076,1909f56bfc062723c751e8b465ee728b)  -> (artifact id: '86fccc4a4d0f4ef75320be8962695c42') in 0.006586 seconds 
========================================================================
Received Import Request.
  Time since last request: 0.622785 seconds.
  path: Assets/Sprites/png/cat
  artifactKey: Guid(c0862fdab9530384a973adb7c54a3f64) Importer(815301076,1909f56bfc062723c751e8b465ee728b)
Start importing Assets/Sprites/png/cat using Guid(c0862fdab9530384a973adb7c54a3f64) Importer(815301076,1909f56bfc062723c751e8b465ee728b)  -> (artifact id: '08cde24f1dc346189e36ec7a07a1b480') in 0.006038 seconds 
========================================================================
Received Import Request.
  Time since last request: 0.084892 seconds.
  path: Assets/Sprites/png/cat/Dead (1).png
  artifactKey: Guid(3a8116426dff44842abcb3063b4d5cb9) Importer(815301076,1909f56bfc062723c751e8b465ee728b)
Start importing Assets/Sprites/png/cat/Dead (1).png using Guid(3a8116426dff44842abcb3063b4d5cb9) Importer(815301076,1909f56bfc062723c751e8b465ee728b)  -> (artifact id: '8282fdaedf79f16eb0a860cd554cf474') in 0.104241 seconds 
========================================================================
Received Import Request.
  Time since last request: 0.000027 seconds.
  path: Assets/Sprites/png/cat/Fall (4).png
  artifactKey: Guid(28aea8e244da33b4d81c467035a9fa6f) Importer(815301076,1909f56bfc062723c751e8b465ee728b)
Start importing Assets/Sprites/png/cat/Fall (4).png using Guid(28aea8e244da33b4d81c467035a9fa6f) Importer(815301076,1909f56bfc062723c751e8b465ee728b)  -> (artifact id: '94e6ee343203e8e40b0cfa8d8cac3386') in 0.041495 seconds 
========================================================================
Received Import Request.
  Time since last request: 0.000026 seconds.
  path: Assets/Sprites/png/cat/Hurt (8).png
  artifactKey: Guid(9d1dee51953081b41b5d93442efe099f) Importer(815301076,1909f56bfc062723c751e8b465ee728b)
Start importing Assets/Sprites/png/cat/Hurt (8).png using Guid(9d1dee51953081b41b5d93442efe099f) Importer(815301076,1909f56bfc062723c751e8b465ee728b)  -> (artifact id: '30324a09c9ca5edbc330730f0ab0b760') in 0.033438 seconds 
========================================================================
Received Import Request.
  Time since last request: 0.000029 seconds.
  path: Assets/Sprites/png/cat/Dead (9).png
  artifactKey: Guid(4fe62783f5c7e8e46b4b5e608788aa9a) Importer(815301076,1909f56bfc062723c751e8b465ee728b)
Start importing Assets/Sprites/png/cat/Dead (9).png using Guid(4fe62783f5c7e8e46b4b5e608788aa9a) Importer(815301076,1909f56bfc062723c751e8b465ee728b)  -> (artifact id: 'fbc0c8dce458d9341fde2b0a21a1598b') in 0.027886 seconds 
========================================================================
Received Import Request.
  Time since last request: 0.000028 seconds.
  path: Assets/Sprites/png/cat/Fall (3).png
  artifactKey: Guid(37021bae7db67b440b83eaaefae2a603) Importer(815301076,1909f56bfc062723c751e8b465ee728b)
Start importing Assets/Sprites/png/cat/Fall (3).png using Guid(37021bae7db67b440b83eaaefae2a603) Importer(815301076,1909f56bfc062723c751e8b465ee728b)  -> (artifact id: 'd61da1d87d3477f146a64e281c573a49') in 0.034193 seconds 
========================================================================
Received Import Request.
  Time since last request: 0.000022 seconds.
  path: Assets/Sprites/png/cat/Hurt (5).png
  artifactKey: Guid(e268c9a62b171c24ea4923c16b677d88) Importer(815301076,1909f56bfc062723c751e8b465ee728b)
Start importing Assets/Sprites/png/cat/Hurt (5).png using Guid(e268c9a62b171c24ea4923c16b677d88) Importer(815301076,1909f56bfc062723c751e8b465ee728b)  -> (artifact id: '75a4b124cf0c68bf37e613a48539b4b9') in 0.029412 seconds 
========================================================================
Received Import Request.
  Time since last request: 0.000025 seconds.
  path: Assets/Sprites/png/cat/Hurt (9).png
  artifactKey: Guid(158e972e2ede28a44982dbbad51080b1) Importer(815301076,1909f56bfc062723c751e8b465ee728b)
Start importing Assets/Sprites/png/cat/Hurt (9).png using Guid(158e972e2ede28a44982dbbad51080b1) Importer(815301076,1909f56bfc062723c751e8b465ee728b)  -> (artifact id: '45587e0e432ee8aedea277d41dd04ebe') in 0.036539 seconds 
========================================================================
Received Import Request.
  Time since last request: 0.000018 seconds.
  path: Assets/Sprites/png/cat/Jump (1).png
  artifactKey: Guid(e20a55baf50bae944a740e8892bc1914) Importer(815301076,1909f56bfc062723c751e8b465ee728b)
Start importing Assets/Sprites/png/cat/Jump (1).png using Guid(e20a55baf50bae944a740e8892bc1914) Importer(815301076,1909f56bfc062723c751e8b465ee728b)  -> (artifact id: '0c3d44f56d699039af5dadaadc2ad8e4') in 0.023552 seconds 
========================================================================
Received Import Request.
  Time since last request: 0.000025 seconds.
  path: Assets/Sprites/png/cat/Hurt (1).png
  artifactKey: Guid(79a8790c60ca8b446a52972ac25492c1) Importer(815301076,1909f56bfc062723c751e8b465ee728b)
Start importing Assets/Sprites/png/cat/Hurt (1).png using Guid(79a8790c60ca8b446a52972ac25492c1) Importer(815301076,1909f56bfc062723c751e8b465ee728b)  -> (artifact id: '456e6e04d4b6f9aec3659442ddea5dca') in 0.023606 seconds 
========================================================================
Received Import Request.
  Time since last request: 0.000018 seconds.
  path: Assets/Sprites/png/cat/Dead (5).png
  artifactKey: Guid(b0e813820b3a25f488097d4a7005d42f) Importer(815301076,1909f56bfc062723c751e8b465ee728b)
Start importing Assets/Sprites/png/cat/Dead (5).png using Guid(b0e813820b3a25f488097d4a7005d42f) Importer(815301076,1909f56bfc062723c751e8b465ee728b)  -> (artifact id: 'b100ae91695e18a8fc7e421677fb29f5') in 0.026053 seconds 
========================================================================
Received Import Request.
  Time since last request: 0.000029 seconds.
  path: Assets/Sprites/png/cat/Dead (3).png
  artifactKey: Guid(d5210bc56c627eb4ab9255253a7191a3) Importer(815301076,1909f56bfc062723c751e8b465ee728b)
Start importing Assets/Sprites/png/cat/Dead (3).png using Guid(d5210bc56c627eb4ab9255253a7191a3) Importer(815301076,1909f56bfc062723c751e8b465ee728b)  -> (artifact id: '48dbc4ec5a40f4d0cb4b51b198aaee37') in 0.025710 seconds 
========================================================================
Received Import Request.
  Time since last request: 0.000024 seconds.
  path: Assets/Sprites/png/cat/Idle (6).png
  artifactKey: Guid(8edd7e20e5964414e8c47fe52e2c053e) Importer(815301076,1909f56bfc062723c751e8b465ee728b)
Start importing Assets/Sprites/png/cat/Idle (6).png using Guid(8edd7e20e5964414e8c47fe52e2c053e) Importer(815301076,1909f56bfc062723c751e8b465ee728b)  -> (artifact id: '654cb715081ed2d88cd09ac2b13a9268') in 0.023989 seconds 
========================================================================
Received Import Request.
  Time since last request: 0.000048 seconds.
  path: Assets/Sprites/png/cat/Fall (7).png
  artifactKey: Guid(7dac7f109fd3b244985a62d5b32db33b) Importer(815301076,1909f56bfc062723c751e8b465ee728b)
Start importing Assets/Sprites/png/cat/Fall (7).png using Guid(7dac7f109fd3b244985a62d5b32db33b) Importer(815301076,1909f56bfc062723c751e8b465ee728b)  -> (artifact id: '1aa09ffabbbfdf2a92bc600962e3e8e6') in 0.025965 seconds 
========================================================================
Received Import Request.
  Time since last request: 0.000024 seconds.
  path: Assets/Sprites/png/cat/Hurt (2).png
  artifactKey: Guid(3e007ebbc09484846ac51199d2267ba7) Importer(815301076,1909f56bfc062723c751e8b465ee728b)
Start importing Assets/Sprites/png/cat/Hurt (2).png using Guid(3e007ebbc09484846ac51199d2267ba7) Importer(815301076,1909f56bfc062723c751e8b465ee728b)  -> (artifact id: '1f3dcd72873b74d065d0d7f6a6d4f295') in 0.024067 seconds 
========================================================================
Received Import Request.
  Time since last request: 0.000025 seconds.
  path: Assets/Sprites/png/cat/Jump (4).png
  artifactKey: Guid(054e46aa177482045bd64144e479186f) Importer(815301076,1909f56bfc062723c751e8b465ee728b)
Start importing Assets/Sprites/png/cat/Jump (4).png using Guid(054e46aa177482045bd64144e479186f) Importer(815301076,1909f56bfc062723c751e8b465ee728b)  -> (artifact id: '1ab5cbc473ce538654524351939035bc') in 0.024398 seconds 
========================================================================
Received Import Request.
  Time since last request: 0.000022 seconds.
  path: Assets/Sprites/png/cat/Jump (2).png
  artifactKey: Guid(4909f29033dcc3e44b2b91f3d1dd51d6) Importer(815301076,1909f56bfc062723c751e8b465ee728b)
Start importing Assets/Sprites/png/cat/Jump (2).png using Guid(4909f29033dcc3e44b2b91f3d1dd51d6) Importer(815301076,1909f56bfc062723c751e8b465ee728b)  -> (artifact id: '8aa9687bf558549c7a513b233cad444f') in 0.023816 seconds 
========================================================================
Received Import Request.
  Time since last request: 0.000024 seconds.
  path: Assets/Sprites/png/cat/Hurt (6).png
  artifactKey: Guid(12ae4c7a5cd319546a6c82a2bc14dcb1) Importer(815301076,1909f56bfc062723c751e8b465ee728b)
Start importing Assets/Sprites/png/cat/Hurt (6).png using Guid(12ae4c7a5cd319546a6c82a2bc14dcb1) Importer(815301076,1909f56bfc062723c751e8b465ee728b)  -> (artifact id: '76255e23e6e4b3d05246194ad3d0db44') in 0.024361 seconds 
========================================================================
Received Import Request.
  Time since last request: 0.000039 seconds.
  path: Assets/Sprites/png/cat/Dead (10).png
  artifactKey: Guid(f70ccfcb111f4eb42b1f23898e9160c3) Importer(815301076,1909f56bfc062723c751e8b465ee728b)
Start importing Assets/Sprites/png/cat/Dead (10).png using Guid(f70ccfcb111f4eb42b1f23898e9160c3) Importer(815301076,1909f56bfc062723c751e8b465ee728b)  -> (artifact id: '52b2062cfab6c850faff441f0b60776a') in 0.022986 seconds 
========================================================================
Received Import Request.
  Time since last request: 0.000025 seconds.
  path: Assets/Sprites/png/cat/Dead (7).png
  artifactKey: Guid(67ccc319e3f6ee249922787921ee92a6) Importer(815301076,1909f56bfc062723c751e8b465ee728b)
Start importing Assets/Sprites/png/cat/Dead (7).png using Guid(67ccc319e3f6ee249922787921ee92a6) Importer(815301076,1909f56bfc062723c751e8b465ee728b)  -> (artifact id: '3f125f17b3498b4089d930a8517b9eb3') in 0.024835 seconds 
========================================================================
Received Import Request.
  Time since last request: 0.000026 seconds.
  path: Assets/Sprites/png/cat/Fall (1).png
  artifactKey: Guid(48aca7acc1938d34c8c86d0a82683a7c) Importer(815301076,1909f56bfc062723c751e8b465ee728b)
Start importing Assets/Sprites/png/cat/Fall (1).png using Guid(48aca7acc1938d34c8c86d0a82683a7c) Importer(815301076,1909f56bfc062723c751e8b465ee728b)  -> (artifact id: '7fcb7b0aaad37c965145a1874ea67c78') in 0.024359 seconds 
========================================================================
Received Import Request.
  Time since last request: 0.000034 seconds.
  path: Assets/Sprites/png/cat/Fall (8).png
  artifactKey: Guid(efc9860d6b095d045853cc67fd707d9e) Importer(815301076,1909f56bfc062723c751e8b465ee728b)
Start importing Assets/Sprites/png/cat/Fall (8).png using Guid(efc9860d6b095d045853cc67fd707d9e) Importer(815301076,1909f56bfc062723c751e8b465ee728b)  -> (artifact id: '33ae69ed1e4bd4e5726adb18d41794a8') in 0.023267 seconds 
========================================================================
Received Import Request.
  Time since last request: 0.000022 seconds.
  path: Assets/Sprites/png/cat/Idle (1).png
  artifactKey: Guid(cfd64f8e17fe0fa4da35e80ba57c3da6) Importer(815301076,1909f56bfc062723c751e8b465ee728b)
Start importing Assets/Sprites/png/cat/Idle (1).png using Guid(cfd64f8e17fe0fa4da35e80ba57c3da6) Importer(815301076,1909f56bfc062723c751e8b465ee728b)  -> (artifact id: 'f6bcc3e15fbb8f8a566ab2ed0ae048df') in 0.023556 seconds 
Editor requested this worker to shutdown with reason: Scaling down because of idle timeout
AssetImportWorker is now disconnected from the server
Process exiting
Exiting without the bug reporter. Application will terminate with return code 0