Using pre-set license
Built from '2021.3/staging' branch; Version is '2021.3.8f1 (b30333d56e81) revision 11731763'; Using compiler version '192829333'; Build Type 'Release'
OS: 'Windows 10  (10.0.19044) 64bit Core' Language: 'en' Physical Memory: 16061 MB
BatchMode: 1, IsHumanControllingUs: 0, StartBugReporterOnCrash: 0, Is64bit: 1, IsPro: 1

COMMAND LINE ARGUMENTS:
C:\Program Files\Unity\Hub\Editor\2021.3.8f1\Editor\Unity.exe
-adb2
-batchMode
-noUpm
-name
AssetImportWorker1
-projectPath
C:/Users/creep/Downloads/gitstuff/SoundandMove
-logFile
Logs/AssetImportWorker1.log
-srvPort
56295
Successfully changed project path to: C:/Users/creep/Downloads/gitstuff/SoundandMove
C:/Users/creep/Downloads/gitstuff/SoundandMove
[UnityMemory] Configuration Parameters - Can be set up in boot.config
    "memorysetup-bucket-allocator-granularity=16"
    "memorysetup-bucket-allocator-bucket-count=8"
    "memorysetup-bucket-allocator-block-size=33554432"
    "memorysetup-bucket-allocator-block-count=8"
    "memorysetup-main-allocator-block-size=16777216"
    "memorysetup-thread-allocator-block-size=16777216"
    "memorysetup-gfx-main-allocator-block-size=16777216"
    "memorysetup-gfx-thread-allocator-block-size=16777216"
    "memorysetup-cache-allocator-block-size=4194304"
    "memorysetup-typetree-allocator-block-size=2097152"
    "memorysetup-profiler-bucket-allocator-granularity=16"
    "memorysetup-profiler-bucket-allocator-bucket-count=8"
    "memorysetup-profiler-bucket-allocator-block-size=33554432"
    "memorysetup-profiler-bucket-allocator-block-count=8"
    "memorysetup-profiler-allocator-block-size=16777216"
    "memorysetup-profiler-editor-allocator-block-size=1048576"
    "memorysetup-temp-allocator-size-main=16777216"
    "memorysetup-job-temp-allocator-block-size=2097152"
    "memorysetup-job-temp-allocator-block-size-background=1048576"
    "memorysetup-job-temp-allocator-reduction-small-platforms=262144"
    "memorysetup-temp-allocator-size-background-worker=32768"
    "memorysetup-temp-allocator-size-job-worker=262144"
    "memorysetup-temp-allocator-size-preload-manager=33554432"
    "memorysetup-temp-allocator-size-nav-mesh-worker=65536"
    "memorysetup-temp-allocator-size-audio-worker=65536"
    "memorysetup-temp-allocator-size-cloud-worker=32768"
    "memorysetup-temp-allocator-size-gi-baking-worker=262144"
    "memorysetup-temp-allocator-size-gfx=262144"
Refreshing native plugins compatible for Editor in 68.11 ms, found 4 plugins.
Preloading 0 native plugins for Editor in 0.00 ms.
Initialize engine version: 2021.3.8f1 (b30333d56e81)
[Subsystems] Discovering subsystems at path C:/Program Files/Unity/Hub/Editor/2021.3.8f1/Editor/Data/Resources/UnitySubsystems
[Subsystems] Discovering subsystems at path C:/Users/creep/Downloads/gitstuff/SoundandMove/Assets
GfxDevice: creating device client; threaded=0; jobified=0
Direct3D:
    Version:  Direct3D 11.0 [level 11.1]
    Renderer: NVIDIA GeForce RTX 3050 Ti Laptop GPU (ID=0x25a0)
    Vendor:   NVIDIA
    VRAM:     3990 MB
    Driver:   30.0.15.1278
Initialize mono
Mono path[0] = 'C:/Program Files/Unity/Hub/Editor/2021.3.8f1/Editor/Data/Managed'
Mono path[1] = 'C:/Program Files/Unity/Hub/Editor/2021.3.8f1/Editor/Data/MonoBleedingEdge/lib/mono/unityjit-win32'
Mono config path = 'C:/Program Files/Unity/Hub/Editor/2021.3.8f1/Editor/Data/MonoBleedingEdge/etc'
Using monoOptions --debugger-agent=transport=dt_socket,embedding=1,server=y,suspend=n,address=127.0.0.1:56308
Begin MonoManager ReloadAssembly
Registering precompiled unity dll's ...
Register platform support module: C:/Program Files/Unity/Hub/Editor/2021.3.8f1/Editor/Data/PlaybackEngines/WebGLSupport/UnityEditor.WebGL.Extensions.dll
Register platform support module: C:/Program Files/Unity/Hub/Editor/2021.3.8f1/Editor/Data/PlaybackEngines/WindowsStandaloneSupport/UnityEditor.WindowsStandalone.Extensions.dll
Registered in 0.006285 seconds.
Native extension for WindowsStandalone target not found
Native extension for WebGL target not found
Refreshing native plugins compatible for Editor in 77.13 ms, found 4 plugins.
Preloading 0 native plugins for Editor in 0.00 ms.
Mono: successfully reloaded assembly
- Completed reload, in  0.518 seconds
Domain Reload Profiling:
	ReloadAssembly (518ms)
		BeginReloadAssembly (56ms)
			ExecutionOrderSort (0ms)
			DisableScriptedObjects (0ms)
			BackupInstance (0ms)
			ReleaseScriptingObjects (0ms)
			CreateAndSetChildDomain (1ms)
		EndReloadAssembly (376ms)
			LoadAssemblies (54ms)
			RebuildTransferFunctionScriptingTraits (0ms)
			SetupTypeCache (79ms)
			ReleaseScriptCaches (0ms)
			RebuildScriptCaches (29ms)
			SetupLoadedEditorAssemblies (228ms)
				LogAssemblyErrors (0ms)
				InitializePlatformSupportModulesInManaged (7ms)
				SetLoadedEditorAssemblies (0ms)
				RefreshPlugins (77ms)
				BeforeProcessingInitializeOnLoad (1ms)
				ProcessInitializeOnLoadAttributes (108ms)
				ProcessInitializeOnLoadMethodAttributes (34ms)
				AfterProcessingInitializeOnLoad (0ms)
				EditorAssembliesLoaded (1ms)
			ExecutionOrderSort2 (0ms)
			AwakeInstancesAfterBackupRestoration (0ms)
Platform modules already initialized, skipping
Registering precompiled user dll's ...
Registered in 0.005794 seconds.
Begin MonoManager ReloadAssembly
Symbol file LoadedFromMemory doesn't match image C:\Users\creep\Downloads\gitstuff\SoundandMove\Library\PackageCache\com.unity.visualscripting@1.7.8\Editor\VisualScripting.Core\Dependencies\YamlDotNet\Unity.VisualScripting.YamlDotNet.dll
Symbol file LoadedFromMemory doesn't match image C:\Users\creep\Downloads\gitstuff\SoundandMove\Library\PackageCache\com.unity.visualscripting@1.7.8\Editor\VisualScripting.Core\Dependencies\DotNetZip\Unity.VisualScripting.IonicZip.dll
Native extension for WindowsStandalone target not found
Native extension for WebGL target not found
Refreshing native plugins compatible for Editor in 74.25 ms, found 4 plugins.
Preloading 0 native plugins for Editor in 0.00 ms.
Mono: successfully reloaded assembly
- Completed reload, in  1.021 seconds
Domain Reload Profiling:
	ReloadAssembly (1021ms)
		BeginReloadAssembly (97ms)
			ExecutionOrderSort (0ms)
			DisableScriptedObjects (4ms)
			BackupInstance (0ms)
			ReleaseScriptingObjects (0ms)
			CreateAndSetChildDomain (18ms)
		EndReloadAssembly (833ms)
			LoadAssemblies (61ms)
			RebuildTransferFunctionScriptingTraits (0ms)
			SetupTypeCache (237ms)
			ReleaseScriptCaches (1ms)
			RebuildScriptCaches (46ms)
			SetupLoadedEditorAssemblies (443ms)
				LogAssemblyErrors (0ms)
				InitializePlatformSupportModulesInManaged (5ms)
				SetLoadedEditorAssemblies (0ms)
				RefreshPlugins (74ms)
				BeforeProcessingInitializeOnLoad (87ms)
				ProcessInitializeOnLoadAttributes (233ms)
				ProcessInitializeOnLoadMethodAttributes (37ms)
				AfterProcessingInitializeOnLoad (6ms)
				EditorAssembliesLoaded (0ms)
			ExecutionOrderSort2 (0ms)
			AwakeInstancesAfterBackupRestoration (6ms)
Platform modules already initialized, skipping
========================================================================
Worker process is ready to serve import requests
Launched and connected shader compiler UnityShaderCompiler.exe after 0.03 seconds
Refreshing native plugins compatible for Editor in 0.86 ms, found 4 plugins.
Preloading 0 native plugins for Editor in 0.00 ms.
Unloading 4068 Unused Serialized files (Serialized files now loaded: 0)
Unloading 44 unused Assets / (222.4 KB). Loaded Objects now: 4518.
Memory consumption went from 155.9 MB to 155.7 MB.
Total: 4.158000 ms (FindLiveObjects: 0.804300 ms CreateObjectMapping: 0.157000 ms MarkObjects: 2.983800 ms  DeleteObjects: 0.208800 ms)

AssetImportParameters requested are different than current active one (requested -> active):
  custom:video-decoder-ogg-theora: a1e56fd34408186e4bbccfd4996cb3dc -> 
  custom:container-muxer-webm: aa71ff27fc2769a1b78a27578f13a17b -> 
  custom:container-demuxer-webm: 4f35f7cbe854078d1ac9338744f61a02 -> 
  custom:video-encoder-webm-vp8: eb34c28f22e8b96e1ab97ce403110664 -> 
  custom:video-codec-MediaFoundation-h265: 746d11721c4dcdbdad8f713fa42b33f4 -> 
  custom:audio-encoder-webm-vorbis: bf7c407c2cedff20999df2af8eb42d56 -> 
  custom:framework-win-MediaFoundation: 216162199b28c13a410421893ffa2e32 -> 
  custom:container-demuxer-ogg: 62fdf1f143b41e24485cea50d1cbac27 -> 
  custom:video-decoder-webm-vp8: 9c59270c3fd7afecdb556c50c9e8de78 -> 
  custom:audio-decoder-ogg-vorbis: bf7c407c2cedff20999df2af8eb42d56 -> 
========================================================================
Received Import Request.
  Time since last request: 802827.218312 seconds.
  path: Assets/Scripts/CatController.cs
  artifactKey: Guid(3fa3314ab894b2b46a8695ce8603bdfc) Importer(815301076,1909f56bfc062723c751e8b465ee728b)
Start importing Assets/Scripts/CatController.cs using Guid(3fa3314ab894b2b46a8695ce8603bdfc) Importer(815301076,1909f56bfc062723c751e8b465ee728b)  -> (artifact id: '88046e9f518ec7527d3b4129c803188e') in 0.024306 seconds 
========================================================================
Received Prepare
Registering precompiled user dll's ...
Registered in 0.005037 seconds.
Begin MonoManager ReloadAssembly
Symbol file LoadedFromMemory doesn't match image C:\Users\creep\Downloads\gitstuff\SoundandMove\Library\PackageCache\com.unity.visualscripting@1.7.8\Editor\VisualScripting.Core\Dependencies\YamlDotNet\Unity.VisualScripting.YamlDotNet.dll
Symbol file LoadedFromMemory doesn't match image C:\Users\creep\Downloads\gitstuff\SoundandMove\Library\PackageCache\com.unity.visualscripting@1.7.8\Editor\VisualScripting.Core\Dependencies\DotNetZip\Unity.VisualScripting.IonicZip.dll
Native extension for WindowsStandalone target not found
Native extension for WebGL target not found
Refreshing native plugins compatible for Editor in 0.71 ms, found 4 plugins.
Preloading 0 native plugins for Editor in 0.00 ms.
Mono: successfully reloaded assembly
- Completed reload, in  0.813 seconds
Domain Reload Profiling:
	ReloadAssembly (813ms)
		BeginReloadAssembly (116ms)
			ExecutionOrderSort (0ms)
			DisableScriptedObjects (6ms)
			BackupInstance (0ms)
			ReleaseScriptingObjects (0ms)
			CreateAndSetChildDomain (37ms)
		EndReloadAssembly (621ms)
			LoadAssemblies (71ms)
			RebuildTransferFunctionScriptingTraits (0ms)
			SetupTypeCache (195ms)
			ReleaseScriptCaches (2ms)
			RebuildScriptCaches (42ms)
			SetupLoadedEditorAssemblies (277ms)
				LogAssemblyErrors (0ms)
				InitializePlatformSupportModulesInManaged (12ms)
				SetLoadedEditorAssemblies (0ms)
				RefreshPlugins (1ms)
				BeforeProcessingInitializeOnLoad (63ms)
				ProcessInitializeOnLoadAttributes (166ms)
				ProcessInitializeOnLoadMethodAttributes (30ms)
				AfterProcessingInitializeOnLoad (5ms)
				EditorAssembliesLoaded (0ms)
			ExecutionOrderSort2 (0ms)
			AwakeInstancesAfterBackupRestoration (6ms)
Platform modules already initialized, skipping
Refreshing native plugins compatible for Editor in 1.77 ms, found 4 plugins.
Preloading 0 native plugins for Editor in 0.00 ms.
Unloading 4063 Unused Serialized files (Serialized files now loaded: 0)
Unloading 31 unused Assets / (189.8 KB). Loaded Objects now: 4521.
Memory consumption went from 155.9 MB to 155.7 MB.
Total: 3.097100 ms (FindLiveObjects: 0.240000 ms CreateObjectMapping: 0.093700 ms MarkObjects: 2.649400 ms  DeleteObjects: 0.113400 ms)

AssetImportParameters requested are different than current active one (requested -> active):
  custom:video-decoder-ogg-theora: a1e56fd34408186e4bbccfd4996cb3dc -> 
  custom:container-muxer-webm: aa71ff27fc2769a1b78a27578f13a17b -> 
  custom:container-demuxer-webm: 4f35f7cbe854078d1ac9338744f61a02 -> 
  custom:video-encoder-webm-vp8: eb34c28f22e8b96e1ab97ce403110664 -> 
  custom:video-codec-MediaFoundation-h265: 746d11721c4dcdbdad8f713fa42b33f4 -> 
  custom:audio-encoder-webm-vorbis: bf7c407c2cedff20999df2af8eb42d56 -> 
  custom:framework-win-MediaFoundation: 216162199b28c13a410421893ffa2e32 -> 
  custom:container-demuxer-ogg: 62fdf1f143b41e24485cea50d1cbac27 -> 
  custom:video-decoder-webm-vp8: 9c59270c3fd7afecdb556c50c9e8de78 -> 
  custom:audio-decoder-ogg-vorbis: bf7c407c2cedff20999df2af8eb42d56 -> 
========================================================================
Received Prepare
Registering precompiled user dll's ...
Registered in 0.004969 seconds.
Begin MonoManager ReloadAssembly
Symbol file LoadedFromMemory doesn't match image C:\Users\creep\Downloads\gitstuff\SoundandMove\Library\PackageCache\com.unity.visualscripting@1.7.8\Editor\VisualScripting.Core\Dependencies\YamlDotNet\Unity.VisualScripting.YamlDotNet.dll
Symbol file LoadedFromMemory doesn't match image C:\Users\creep\Downloads\gitstuff\SoundandMove\Library\PackageCache\com.unity.visualscripting@1.7.8\Editor\VisualScripting.Core\Dependencies\DotNetZip\Unity.VisualScripting.IonicZip.dll
Native extension for WindowsStandalone target not found
Native extension for WebGL target not found
Refreshing native plugins compatible for Editor in 0.63 ms, found 4 plugins.
Preloading 0 native plugins for Editor in 0.00 ms.
Mono: successfully reloaded assembly
- Completed reload, in  0.747 seconds
Domain Reload Profiling:
	ReloadAssembly (747ms)
		BeginReloadAssembly (106ms)
			ExecutionOrderSort (0ms)
			DisableScriptedObjects (5ms)
			BackupInstance (0ms)
			ReleaseScriptingObjects (0ms)
			CreateAndSetChildDomain (31ms)
		EndReloadAssembly (563ms)
			LoadAssemblies (66ms)
			RebuildTransferFunctionScriptingTraits (0ms)
			SetupTypeCache (181ms)
			ReleaseScriptCaches (2ms)
			RebuildScriptCaches (33ms)
			SetupLoadedEditorAssemblies (250ms)
				LogAssemblyErrors (0ms)
				InitializePlatformSupportModulesInManaged (10ms)
				SetLoadedEditorAssemblies (0ms)
				RefreshPlugins (1ms)
				BeforeProcessingInitializeOnLoad (55ms)
				ProcessInitializeOnLoadAttributes (151ms)
				ProcessInitializeOnLoadMethodAttributes (27ms)
				AfterProcessingInitializeOnLoad (6ms)
				EditorAssembliesLoaded (0ms)
			ExecutionOrderSort2 (0ms)
			AwakeInstancesAfterBackupRestoration (6ms)
Platform modules already initialized, skipping
Refreshing native plugins compatible for Editor in 1.83 ms, found 4 plugins.
Preloading 0 native plugins for Editor in 0.00 ms.
Unloading 4063 Unused Serialized files (Serialized files now loaded: 0)
Unloading 31 unused Assets / (189.8 KB). Loaded Objects now: 4524.
Memory consumption went from 155.9 MB to 155.7 MB.
Total: 2.879200 ms (FindLiveObjects: 0.277900 ms CreateObjectMapping: 0.102400 ms MarkObjects: 2.364200 ms  DeleteObjects: 0.133300 ms)

AssetImportParameters requested are different than current active one (requested -> active):
  custom:video-decoder-ogg-theora: a1e56fd34408186e4bbccfd4996cb3dc -> 
  custom:container-muxer-webm: aa71ff27fc2769a1b78a27578f13a17b -> 
  custom:container-demuxer-webm: 4f35f7cbe854078d1ac9338744f61a02 -> 
  custom:video-encoder-webm-vp8: eb34c28f22e8b96e1ab97ce403110664 -> 
  custom:video-codec-MediaFoundation-h265: 746d11721c4dcdbdad8f713fa42b33f4 -> 
  custom:audio-encoder-webm-vorbis: bf7c407c2cedff20999df2af8eb42d56 -> 
  custom:framework-win-MediaFoundation: 216162199b28c13a410421893ffa2e32 -> 
  custom:container-demuxer-ogg: 62fdf1f143b41e24485cea50d1cbac27 -> 
  custom:video-decoder-webm-vp8: 9c59270c3fd7afecdb556c50c9e8de78 -> 
  custom:audio-decoder-ogg-vorbis: bf7c407c2cedff20999df2af8eb42d56 -> 
========================================================================
Received Import Request.
  Time since last request: 578.843343 seconds.
  path: Assets/Sprites/png/cat/Dead (2).png
  artifactKey: Guid(1dfda177c95ca6549b64afd2c96cdd7c) Importer(815301076,1909f56bfc062723c751e8b465ee728b)
Start importing Assets/Sprites/png/cat/Dead (2).png using Guid(1dfda177c95ca6549b64afd2c96cdd7c) Importer(815301076,1909f56bfc062723c751e8b465ee728b)  -> (artifact id: '19762bd1370022965590d148151dbef8') in 0.114881 seconds 
========================================================================
Received Import Request.
  Time since last request: 0.000031 seconds.
  path: Assets/Sprites/png/cat/Fall (5).png
  artifactKey: Guid(4f3f0cfc1c160304bbc6a0269e47befc) Importer(815301076,1909f56bfc062723c751e8b465ee728b)
Start importing Assets/Sprites/png/cat/Fall (5).png using Guid(4f3f0cfc1c160304bbc6a0269e47befc) Importer(815301076,1909f56bfc062723c751e8b465ee728b)  -> (artifact id: 'a2854ffd5f05805251804f4cbba58af1') in 0.033877 seconds 
========================================================================
Received Import Request.
  Time since last request: 0.000039 seconds.
  path: Assets/Sprites/png/cat/Idle (8).png
  artifactKey: Guid(2d848e7644d04a04f8f11aeee1063b5e) Importer(815301076,1909f56bfc062723c751e8b465ee728b)
Start importing Assets/Sprites/png/cat/Idle (8).png using Guid(2d848e7644d04a04f8f11aeee1063b5e) Importer(815301076,1909f56bfc062723c751e8b465ee728b)  -> (artifact id: '0cd90bd649d6a0ec6c40e9b03aa9b93c') in 0.028015 seconds 
========================================================================
Received Import Request.
  Time since last request: 0.000019 seconds.
  path: Assets/Sprites/png/cat/Dead (4).png
  artifactKey: Guid(1d91a4910ceb09b4585c3d152251898f) Importer(815301076,1909f56bfc062723c751e8b465ee728b)
Start importing Assets/Sprites/png/cat/Dead (4).png using Guid(1d91a4910ceb09b4585c3d152251898f) Importer(815301076,1909f56bfc062723c751e8b465ee728b)  -> (artifact id: 'a3b8633e670087fcc10eb91f14912477') in 0.028741 seconds 
========================================================================
Received Import Request.
  Time since last request: 0.000021 seconds.
  path: Assets/Sprites/png/cat/Idle (2).png
  artifactKey: Guid(df95830240803084e9ae51ea9eb4af31) Importer(815301076,1909f56bfc062723c751e8b465ee728b)
Start importing Assets/Sprites/png/cat/Idle (2).png using Guid(df95830240803084e9ae51ea9eb4af31) Importer(815301076,1909f56bfc062723c751e8b465ee728b)  -> (artifact id: '3d9326cff201712621ec570aa51d5c74') in 0.032978 seconds 
========================================================================
Received Import Request.
  Time since last request: 0.000022 seconds.
  path: Assets/Sprites/png/cat/Hurt (4).png
  artifactKey: Guid(ac7018387260abc4b96b5b540f366a53) Importer(815301076,1909f56bfc062723c751e8b465ee728b)
Start importing Assets/Sprites/png/cat/Hurt (4).png using Guid(ac7018387260abc4b96b5b540f366a53) Importer(815301076,1909f56bfc062723c751e8b465ee728b)  -> (artifact id: 'd19f15fd8ede5cfc68373ced0dcfe8c1') in 0.029106 seconds 
========================================================================
Received Import Request.
  Time since last request: 0.000027 seconds.
  path: Assets/Sprites/png/cat/Hurt (10).png
  artifactKey: Guid(3ced94741a9eeb04f9845a8ff509515b) Importer(815301076,1909f56bfc062723c751e8b465ee728b)
Start importing Assets/Sprites/png/cat/Hurt (10).png using Guid(3ced94741a9eeb04f9845a8ff509515b) Importer(815301076,1909f56bfc062723c751e8b465ee728b)  -> (artifact id: '2a938251069597cf6c1d98352aad6a1b') in 0.038108 seconds 
========================================================================
Received Import Request.
  Time since last request: 0.000022 seconds.
  path: Assets/Sprites/png/cat/Jump (6).png
  artifactKey: Guid(2cbe89fdde6730f498d464094953ffe9) Importer(815301076,1909f56bfc062723c751e8b465ee728b)
Start importing Assets/Sprites/png/cat/Jump (6).png using Guid(2cbe89fdde6730f498d464094953ffe9) Importer(815301076,1909f56bfc062723c751e8b465ee728b)  -> (artifact id: '250eeb8bb27ba3f903153e8f72b96846') in 0.023119 seconds 
========================================================================
Received Import Request.
  Time since last request: 0.000026 seconds.
  path: Assets/Sprites/png/cat/Idle (10).png
  artifactKey: Guid(a8b3a3d1b706d7f4982ea12321709b19) Importer(815301076,1909f56bfc062723c751e8b465ee728b)
Start importing Assets/Sprites/png/cat/Idle (10).png using Guid(a8b3a3d1b706d7f4982ea12321709b19) Importer(815301076,1909f56bfc062723c751e8b465ee728b)  -> (artifact id: 'bc736228bb2a804bf4f39e62788b03da') in 0.025020 seconds 
========================================================================
Received Import Request.
  Time since last request: 0.000030 seconds.
  path: Assets/Sprites/png/cat/Hurt (7).png
  artifactKey: Guid(b8c0277b9e6e16241b4aabc88a1b76dd) Importer(815301076,1909f56bfc062723c751e8b465ee728b)
Start importing Assets/Sprites/png/cat/Hurt (7).png using Guid(b8c0277b9e6e16241b4aabc88a1b76dd) Importer(815301076,1909f56bfc062723c751e8b465ee728b)  -> (artifact id: '1bfa1aefaaa6db08a4d79649690369b7') in 0.024915 seconds 
========================================================================
Received Import Request.
  Time since last request: 0.000036 seconds.
  path: Assets/Sprites/png/cat/Dead (6).png
  artifactKey: Guid(11487929bf933ce4686c006063cbd940) Importer(815301076,1909f56bfc062723c751e8b465ee728b)
Start importing Assets/Sprites/png/cat/Dead (6).png using Guid(11487929bf933ce4686c006063cbd940) Importer(815301076,1909f56bfc062723c751e8b465ee728b)  -> (artifact id: '21fa35d6c9d07b1d7c261eecd047aa52') in 0.023856 seconds 
========================================================================
Received Import Request.
  Time since last request: 0.000025 seconds.
  path: Assets/Sprites/png/cat/Idle (3).png
  artifactKey: Guid(4f6e960db901edd478900fc0782ec473) Importer(815301076,1909f56bfc062723c751e8b465ee728b)
Start importing Assets/Sprites/png/cat/Idle (3).png using Guid(4f6e960db901edd478900fc0782ec473) Importer(815301076,1909f56bfc062723c751e8b465ee728b)  -> (artifact id: '706efcb18db61cdf59cc72754008e129') in 0.025653 seconds 
========================================================================
Received Import Request.
  Time since last request: 0.000023 seconds.
  path: Assets/Sprites/png/cat/Hurt (3).png
  artifactKey: Guid(db6374f0237224e4490fb4cef5938c9d) Importer(815301076,1909f56bfc062723c751e8b465ee728b)
Start importing Assets/Sprites/png/cat/Hurt (3).png using Guid(db6374f0237224e4490fb4cef5938c9d) Importer(815301076,1909f56bfc062723c751e8b465ee728b)  -> (artifact id: '384039d1378a4d5ff1d981af18f48d8f') in 0.025106 seconds 
========================================================================
Received Import Request.
  Time since last request: 0.000029 seconds.
  path: Assets/Sprites/png/cat/Jump (5).png
  artifactKey: Guid(6cc2d232d12cd7f469a81e207cea329f) Importer(815301076,1909f56bfc062723c751e8b465ee728b)
Start importing Assets/Sprites/png/cat/Jump (5).png using Guid(6cc2d232d12cd7f469a81e207cea329f) Importer(815301076,1909f56bfc062723c751e8b465ee728b)  -> (artifact id: '9cb09ff12f413cd9d19bc5f5ce6f9bb7') in 0.024227 seconds 
========================================================================
Received Import Request.
  Time since last request: 0.000024 seconds.
  path: Assets/Sprites/png/cat/Dead (8).png
  artifactKey: Guid(2f08c28da188c9d4fa964a8664c38be1) Importer(815301076,1909f56bfc062723c751e8b465ee728b)
Start importing Assets/Sprites/png/cat/Dead (8).png using Guid(2f08c28da188c9d4fa964a8664c38be1) Importer(815301076,1909f56bfc062723c751e8b465ee728b)  -> (artifact id: '9c84f113b77064bc8c8ac523e56fb8cf') in 0.024213 seconds 
========================================================================
Received Import Request.
  Time since last request: 0.000025 seconds.
  path: Assets/Sprites/png/cat/Fall (2).png
  artifactKey: Guid(6d81cbf2e6260a046b090bbea67d9f4e) Importer(815301076,1909f56bfc062723c751e8b465ee728b)
Start importing Assets/Sprites/png/cat/Fall (2).png using Guid(6d81cbf2e6260a046b090bbea67d9f4e) Importer(815301076,1909f56bfc062723c751e8b465ee728b)  -> (artifact id: '61141889eb0237eeeaa6cdef2a13f133') in 0.022814 seconds 
========================================================================
Received Import Request.
  Time since last request: 0.000026 seconds.
  path: Assets/Sprites/png/cat/Idle (5).png
  artifactKey: Guid(50d7b77fae6134541bbdee6ba99b89bc) Importer(815301076,1909f56bfc062723c751e8b465ee728b)
Start importing Assets/Sprites/png/cat/Idle (5).png using Guid(50d7b77fae6134541bbdee6ba99b89bc) Importer(815301076,1909f56bfc062723c751e8b465ee728b)  -> (artifact id: 'f03b1e1b28a57a558a29be3f6589be58') in 0.023402 seconds 
========================================================================
Received Import Request.
  Time since last request: 0.000031 seconds.
  path: Assets/Sprites/png/cat/Idle (7).png
  artifactKey: Guid(64706a6ae2781b94eb39d5974cc0068e) Importer(815301076,1909f56bfc062723c751e8b465ee728b)
Start importing Assets/Sprites/png/cat/Idle (7).png using Guid(64706a6ae2781b94eb39d5974cc0068e) Importer(815301076,1909f56bfc062723c751e8b465ee728b)  -> (artifact id: '0313da17f1de52cc1c2c284ca6b39c57') in 0.023363 seconds 
========================================================================
Received Import Request.
  Time since last request: 0.000026 seconds.
  path: Assets/Sprites/png/cat/Idle (9).png
  artifactKey: Guid(c07b8217e362ac5458ad86fe47bd3c4c) Importer(815301076,1909f56bfc062723c751e8b465ee728b)
Start importing Assets/Sprites/png/cat/Idle (9).png using Guid(c07b8217e362ac5458ad86fe47bd3c4c) Importer(815301076,1909f56bfc062723c751e8b465ee728b)  -> (artifact id: '8a6ac823841ac16f802c7383752f6feb') in 0.025205 seconds 
========================================================================
Received Import Request.
  Time since last request: 0.000024 seconds.
  path: Assets/Sprites/png/cat/Fall (6).png
  artifactKey: Guid(c0d2d71ef1b5d1a489fe08c01a6ddcf2) Importer(815301076,1909f56bfc062723c751e8b465ee728b)
Start importing Assets/Sprites/png/cat/Fall (6).png using Guid(c0d2d71ef1b5d1a489fe08c01a6ddcf2) Importer(815301076,1909f56bfc062723c751e8b465ee728b)  -> (artifact id: 'b72d79723bcba0ec0822d79987fb9b8f') in 0.024043 seconds 
========================================================================
Received Import Request.
  Time since last request: 0.000025 seconds.
  path: Assets/Sprites/png/cat/Jump (3).png
  artifactKey: Guid(8eb36e5c8fb053f4a91ffdadfd3016b8) Importer(815301076,1909f56bfc062723c751e8b465ee728b)
Start importing Assets/Sprites/png/cat/Jump (3).png using Guid(8eb36e5c8fb053f4a91ffdadfd3016b8) Importer(815301076,1909f56bfc062723c751e8b465ee728b)  -> (artifact id: '687dae95856caf834c2b5935cda75527') in 0.022926 seconds 
========================================================================
Received Import Request.
  Time since last request: 0.000022 seconds.
  path: Assets/Sprites/png/cat/Idle (4).png
  artifactKey: Guid(5b94d2a765d54f448ad300bcef275e3e) Importer(815301076,1909f56bfc062723c751e8b465ee728b)
Start importing Assets/Sprites/png/cat/Idle (4).png using Guid(5b94d2a765d54f448ad300bcef275e3e) Importer(815301076,1909f56bfc062723c751e8b465ee728b)  -> (artifact id: 'db575cf3483475d1413a0e9fa3d4202f') in 0.022857 seconds 
========================================================================
Received Import Request.
  Time since last request: 0.000021 seconds.
  path: Assets/Sprites/png/cat/Jump (7).png
  artifactKey: Guid(6bbba35659e31d040a97c6b967c02284) Importer(815301076,1909f56bfc062723c751e8b465ee728b)
Start importing Assets/Sprites/png/cat/Jump (7).png using Guid(6bbba35659e31d040a97c6b967c02284) Importer(815301076,1909f56bfc062723c751e8b465ee728b)  -> (artifact id: 'e88f2ee4378228d4a570d661bfe6f6a8') in 0.024410 seconds 
Editor requested this worker to shutdown with reason: Scaling down because of idle timeout
AssetImportWorker is now disconnected from the server
Process exiting
Exiting without the bug reporter. Application will terminate with return code 0